<?xml version="1.0" encoding="UTF-8"?>
<testsuite xmlns:xsi="http://www.w3.org/2001/XMLSchema-instance" xsi:noNamespaceSchemaLocation="https://maven.apache.org/surefire/maven-surefire-plugin/xsd/surefire-test-report-3.0.xsd" version="3.0" name="it.unipi.progetto_client.AppTest" time="2.336" tests="1" errors="0" skipped="0" failures="0">
  <properties>
[...]
</properties>
  <testcase name="accessTest" classname="it.unipi.progetto_client.AppTest" time="2.246">
    <system-out><![CDATA[IL TEST HA AVUTO ESITO POSITIVO: IL CONTROLLO SUGLI ACCESSI FUNZIONA CORRETTAMENTE (Accesso negato)
]]></system-out>
  </testcase>
</testsuite>